src/app/[lang]/buy/[category]/[slug]/page.tsx(4,27): error TS2307: Cannot find module '../../../../../components/ProductDetail' or its corresponding type declarations.
src/app/[lang]/careers/page.tsx(1,21): error TS2307: Cannot find module '../../../components/Careers' or its corresponding type declarations.
src/app/[lang]/contact/page.tsx(2,21): error TS2307: Cannot find module '../../../components/Contact' or its corresponding type declarations.
src/app/[lang]/cookies/page.tsx(1,21): error TS2307: Cannot find module '../../../components/Cookies' or its corresponding type declarations.
src/app/[lang]/express-courier/page.tsx(3,34): error TS2307: Cannot find module '../../../components/ExpressCourierClient' or its corresponding type declarations.
src/app/[lang]/faq/page.tsx(1,21): error TS2307: Cannot find module '../../../components/FAQPage' or its corresponding type declarations.
src/app/[lang]/franchise/page.tsx(1,23): error TS2307: Cannot find module '../../../components/Franchise' or its corresponding type declarations.
src/app/[lang]/jobs/page.tsx(1,18): error TS2307: Cannot find module '../../../components/Jobs' or its corresponding type declarations.
src/app/[lang]/legal/cookies/page.tsx(1,23): error TS2307: Cannot find module '../../../../components/LegalPage' or its corresponding type declarations.
src/app/[lang]/legal/privacy/page.tsx(1,23): error TS2307: Cannot find module '../../../../components/LegalPage' or its corresponding type declarations.
src/app/[lang]/legal/terms/page.tsx(1,19): error TS2307: Cannot find module '../../../../components/Terms' or its corresponding type declarations.
src/app/[lang]/legal/warranty/page.tsx(1,23): error TS2307: Cannot find module '../../../../components/LegalPage' or its corresponding type declarations.
src/app/[lang]/privacy/page.tsx(1,21): error TS2307: Cannot find module '../../../components/Privacy' or its corresponding type declarations.
src/app/[lang]/products/page.tsx(1,22): error TS2307: Cannot find module '../../../components/Products' or its corresponding type declarations.
src/app/[lang]/stores/[slug]/page.tsx(176,21): error TS2769: No overload matches this call.
  Overload 1 of 2, '(props: {}): string | number | bigint | boolean | ReactElement<unknown, string | JSXElementConstructor<any>> | Iterable<ReactNode> | Promise<...> | Component<...> | null | undefined', gave the following error.
    Type '{ shops: Shop[]; center: number[]; zoom: number; selectedShopId: string | number | null; lang: string; }' is not assignable to type 'IntrinsicAttributes'.
      Property 'shops' does not exist on type 'IntrinsicAttributes'.
  Overload 2 of 2, '(props: {}, context?: any): string | number | bigint | boolean | ReactElement<unknown, string | JSXElementConstructor<any>> | Iterable<ReactNode> | Promise<...> | Component<...> | null | undefined', gave the following error.
    Type '{ shops: Shop[]; center: number[]; zoom: number; selectedShopId: string | number | null; lang: string; }' is not assignable to type 'IntrinsicAttributes'.
      Property 'shops' does not exist on type 'IntrinsicAttributes'.
src/app/[lang]/stores/page.tsx(4,26): error TS2307: Cannot find module '../../../components/SchemaMarkup' or its corresponding type declarations.
src/app/[lang]/support/page.tsx(3,28): error TS2307: Cannot find module '@/components/SupportHubPage' or its corresponding type declarations.
src/app/[lang]/terms/page.tsx(1,19): error TS2307: Cannot find module '../../../components/Terms' or its corresponding type declarations.
src/app/[lang]/track-order/page.tsx(1,24): error TS2307: Cannot find module '../../../components/TrackOrder' or its corresponding type declarations.
src/app/[lang]/track/[token]/page.tsx(5,24): error TS2307: Cannot find module '@/components/TrackOrder' or its corresponding type declarations.
src/app/[lang]/warranty/page.tsx(1,22): error TS2307: Cannot find module '../../../components/Warranty' or its corresponding type declarations.
src/app/[lang]/widget/buyback/page.tsx(2,27): error TS2307: Cannot find module '@/components/BuybackRepair' or its corresponding type declarations.
src/app/[lang]/widget/repair/page.tsx(2,27): error TS2307: Cannot find module '@/components/BuybackRepair' or its corresponding type declarations.
src/app/admin/layout.tsx(4,27): error TS2307: Cannot find module '../../components/Providers' or its corresponding type declarations.
src/archive/proxy.ts(3,22): error TS2307: Cannot find module './i18n-config' or its corresponding type declarations.
src/archive/proxy.ts(4,32): error TS2307: Cannot find module './utils/legacyUrlMap' or its corresponding type declarations.
src/archive/proxy.ts(97,10): error TS7006: Parameter 'locale' implicitly has an 'any' type.
src/components/common/Cookies.tsx(4,29): error TS2307: Cannot find module '../hooks/useLanguage' or its corresponding type declarations.
src/components/common/Cookies.tsx(18,56): error TS7006: Parameter 'line' implicitly has an 'any' type.
src/components/common/Cookies.tsx(18,62): error TS7006: Parameter 'index' implicitly has an 'any' type.
src/components/common/LegalPageLayout.tsx(4,29): error TS2307: Cannot find module '../hooks/useLanguage' or its corresponding type declarations.
src/components/footer-components/FooterSocials.tsx(2,70): error TS2307: Cannot find module '../Icons' or its corresponding type declarations.
src/components/pages/Contact.tsx(9,17): error TS2307: Cannot find module '../FAQ' or its corresponding type declarations.
src/components/product/ProductCard.tsx(3,37): error TS2307: Cannot find module '../utils/localization' or its corresponding type declarations.
src/components/product/ProductCard.tsx(5,25): error TS2307: Cannot find module '../types' or its corresponding type declarations.
src/components/product/ProductCard.tsx(6,25): error TS2307: Cannot find module '../hooks/useShop' or its corresponding type declarations.
src/components/product/ProductCard.tsx(7,30): error TS2307: Cannot find module './ReservationModal' or its corresponding type declarations.
src/components/product/ProductCard.tsx(8,29): error TS2307: Cannot find module '../hooks/useLanguage' or its corresponding type declarations.
src/components/product/ProductCard.tsx(9,28): error TS2307: Cannot find module './ui/BrandIcons' or its corresponding type declarations.
src/components/product/ProductCardSkeleton.tsx(4,22): error TS2307: Cannot find module './ui/Skeleton' or its corresponding type declarations.
src/components/product/Products.tsx(8,31): error TS2307: Cannot find module '../types' or its corresponding type declarations.
src/components/product/Products.tsx(9,25): error TS2307: Cannot find module '../hooks/useData' or its corresponding type declarations.
src/components/product/Products.tsx(10,29): error TS2307: Cannot find module '../hooks/useLanguage' or its corresponding type declarations.
src/components/product/Products.tsx(11,35): error TS2307: Cannot find module '../hooks/useProductFilters' or its corresponding type declarations.
src/components/product/Products.tsx(13,30): error TS2307: Cannot find module './products/ProductFilterBar' or its corresponding type declarations.
src/components/product/Products.tsx(14,25): error TS2307: Cannot find module './products/ProductGrid' or its corresponding type declarations.
src/components/products/ProductGrid.tsx(4,25): error TS2307: Cannot find module '../ProductCard' or its corresponding type declarations.
src/components/products/ProductGrid.tsx(5,33): error TS2307: Cannot find module '../ProductCardSkeleton' or its corresponding type declarations.
src/components/sections/Blog.tsx(6,25): error TS2307: Cannot find module '../hooks/useData' or its corresponding type declarations.
src/components/sections/Blog.tsx(7,29): error TS2307: Cannot find module '../hooks/useLanguage' or its corresponding type declarations.
src/components/sections/Blog.tsx(8,73): error TS2307: Cannot find module './ui/BrandIcons' or its corresponding type declarations.
src/components/sections/Blog.tsx(9,33): error TS2307: Cannot find module '../constants' or its corresponding type declarations.
src/components/sections/Blog.tsx(18,29): error TS7006: Parameter 'bp' implicitly has an 'any' type.
src/components/sections/Blog.tsx(18,57): error TS7006: Parameter 'mp' implicitly has an 'any' type.
src/components/sections/BusinessSolutions.tsx(4,29): error TS2307: Cannot find module '../hooks/useLanguage' or its corresponding type declarations.
src/components/sections/BusinessSolutions.tsx(6,189): error TS2307: Cannot find module './ui/BrandIcons' or its corresponding type declarations.
src/components/sections/BusinessSolutions.tsx(8,26): error TS2307: Cannot find module './SchemaMarkup' or its corresponding type declarations.
src/components/sections/InfoSection.tsx(3,29): error TS2307: Cannot find module '../hooks/useLanguage' or its corresponding type declarations.
src/components/sections/InfoSection.tsx(4,29): error TS2307: Cannot find module '../constants' or its corresponding type declarations.
src/components/sections/PopularBuybacks.tsx(6,50): error TS2307: Cannot find module './ui/BrandIcons' or its corresponding type declarations.
src/components/sections/PopularBuybacks.tsx(7,29): error TS2307: Cannot find module '../hooks/useLanguage' or its corresponding type declarations.
src/components/sections/PopularBuybacks.tsx(8,20): error TS2307: Cannot find module './ui/FadeIn' or its corresponding type declarations.
src/components/sections/PopularBuybacks.tsx(9,34): error TS2307: Cannot find module '../constants' or its corresponding type declarations.
src/components/sections/PopularBuybacks.tsx(35,44): error TS7006: Parameter 'device' implicitly has an 'any' type.
src/components/sections/PopularBuybacks.tsx(35,52): error TS7006: Parameter 'idx' implicitly has an 'any' type.
src/components/store/Map.tsx(6,22): error TS2307: Cannot find module '../types' or its corresponding type declarations.
src/components/store/StoreMap.tsx(5,25): error TS2307: Cannot find module './ui/BrandLoader' or its corresponding type declarations.
src/components/stores/StoreMapClient.tsx(5,39): error TS2307: Cannot find module '../StoreMap' or its corresponding type declarations.
src/components/stores/StoreProductCarousel.tsx(6,25): error TS2307: Cannot find module '../ProductCard' or its corresponding type declarations.
src/components/stores/StoreProductCarousel.tsx(7,33): error TS2307: Cannot find module '../ProductCardSkeleton' or its corresponding type declarations.
src/components/stores/StoresLayout.tsx(10,39): error TS2307: Cannot find module '../StoreMap' or its corresponding type declarations.
src/components/stores/StoresLayout.tsx(62,27): error TS2769: No overload matches this call.
  Overload 1 of 2, '(props: {}): string | number | bigint | boolean | ReactElement<unknown, string | JSXElementConstructor<any>> | Iterable<ReactNode> | Promise<...> | Component<...> | null | undefined', gave the following error.
    Type '{ shops: Shop[]; lang: string; }' is not assignable to type 'IntrinsicAttributes'.
      Property 'shops' does not exist on type 'IntrinsicAttributes'.
  Overload 2 of 2, '(props: {}, context?: any): string | number | bigint | boolean | ReactElement<unknown, string | JSXElementConstructor<any>> | Iterable<ReactNode> | Promise<...> | Component<...> | null | undefined', gave the following error.
    Type '{ shops: Shop[]; lang: string; }' is not assignable to type 'IntrinsicAttributes'.
      Property 'shops' does not exist on type 'IntrinsicAttributes'.
src/components/wizard/ConditionGuide.tsx(3,29): error TS2307: Cannot find module '../hooks/useLanguage' or its corresponding type declarations.
src/types/ui.ts(33,31): error TS2307: Cannot find module '../components/Map' or its corresponding type declarations.
