src/components/admin/WalkInOrderModal.tsx(117,22): error TS17008: JSX element 'form' has no corresponding closing tag.
src/components/admin/WalkInOrderModal.tsx(285,13): error TS1005: ')' expected.
src/components/admin/WalkInOrderModal.tsx(286,9): error TS1109: Expression expected.
src/components/admin/WalkInOrderModal.tsx(287,5): error TS1109: Expression expected.
src/components/admin/WalkInOrderModal.tsx(288,1): error TS1109: Expression expected.
src/components/admin/WalkInOrderModal.tsx(289,1): error TS1128: Declaration or statement expected.
