src/components/admin/QuoteDetailsModal.tsx(472,5): error TS1005: ')' expected.
src/components/admin/QuoteDetailsModal.tsx(473,5): error TS1109: Expression expected.
src/components/admin/QuoteDetailsModal.tsx(474,1): error TS1128: Declaration or statement expected.
